atmocc_sim.out: Tue Jul 30 20:42:53 2019

 Model parameters for occ: alpOri(271)
   scale height =       44.0000
   S/C range =       688000.
   r_curv =       65800.0
   half-light radius =       54800.0
   perp velocity =       2.33000

 z (km)    N*1e6   P (mb) theta (mr)  x (km)  y (km) t (sec)    phi


  400.0   0.0001    0.000  0.000007  55244.0  -444.0 -190.56  0.9999
  390.0   0.0001    0.000  0.000009  55234.0  -434.0 -186.26  0.9999
  380.0   0.0001    0.000  0.000011  55224.0  -424.0 -181.97  0.9998
  370.0   0.0001    0.001  0.000014  55214.0  -414.0 -177.68  0.9998
  360.0   0.0002    0.001  0.000018  55204.0  -404.0 -173.39  0.9997
  350.0   0.0002    0.001  0.000022  55194.0  -394.0 -169.09  0.9996
  340.0   0.0003    0.001  0.000028  55184.0  -384.0 -164.80  0.9996
  330.0   0.0004    0.001  0.000035  55174.0  -374.0 -160.50  0.9994
  320.0   0.0005    0.002  0.000044  55164.0  -364.0 -156.21  0.9993
  310.0   0.0006    0.002  0.000056  55154.0  -354.0 -151.91  0.9991
  300.0   0.0007    0.003  0.000070  55144.0  -344.0 -147.62  0.9989
  290.0   0.0009    0.004  0.000088  55133.9  -333.9 -143.32  0.9986
  280.0   0.0011    0.005  0.000110  55123.9  -323.9 -139.02  0.9983
  270.0   0.0014    0.006  0.000138  55113.9  -313.9 -134.72  0.9978
  260.0   0.0018    0.007  0.000174  55103.9  -303.9 -130.42  0.9973
  250.0   0.0022    0.009  0.000218  55093.9  -293.9 -126.12  0.9966
  240.0   0.0028    0.011  0.000274  55083.8  -283.8 -121.81  0.9957
  230.0   0.0035    0.014  0.000343  55073.8  -273.8 -117.50  0.9947
  220.0   0.0044    0.018  0.000431  55063.7  -263.7 -113.18  0.9933
  210.0   0.0056    0.022  0.000541  55053.6  -253.6 -108.85  0.9916
  200.0   0.0070    0.028  0.000679  55043.5  -243.5 -104.52  0.9895
  195.0   0.0078    0.031  0.000761  55038.5  -238.5 -102.35  0.9883
  190.0   0.0088    0.035  0.000852  55033.4  -233.4 -100.18  0.9869
  185.0   0.0098    0.039  0.000955  55028.3  -228.3  -98.00  0.9853
  180.0   0.0110    0.044  0.001070  55023.3  -223.3  -95.82  0.9836
  175.0   0.0124    0.049  0.001198  55018.2  -218.2  -93.64  0.9816
  170.0   0.0138    0.055  0.001342  55013.1  -213.1  -91.45  0.9795
  165.0   0.0155    0.062  0.001504  55008.0  -208.0  -89.26  0.9770
  160.0   0.0174    0.069  0.001685  55002.8  -202.8  -87.06  0.9743
  155.0   0.0195    0.077  0.001888  54997.7  -197.7  -84.85  0.9714
  150.0   0.0218    0.087  0.002115  54992.5  -192.5  -82.64  0.9680
  145.0   0.0244    0.097  0.002370  54987.4  -187.4  -80.42  0.9643
  140.0   0.0274    0.109  0.002655  54982.2  -182.2  -78.19  0.9602
  135.0   0.0307    0.122  0.002974  54977.0  -177.0  -75.95  0.9556
  130.0   0.0344    0.137  0.003332  54971.7  -171.7  -73.69  0.9505
  125.0   0.0385    0.153  0.003733  54966.4  -166.4  -71.43  0.9449
  120.0   0.0431    0.172  0.004182  54961.1  -161.1  -69.15  0.9387
  115.0   0.0483    0.192  0.004686  54955.8  -155.8  -66.86  0.9318
  110.0   0.0542    0.215  0.005250  54950.4  -150.4  -64.54  0.9242
  105.0   0.0607    0.241  0.005881  54945.0  -145.0  -62.21  0.9158
  100.0   0.0680    0.270  0.006589  54939.5  -139.5  -59.86  0.9067
   95.0   0.0762    0.303  0.007382  54933.9  -133.9  -57.48  0.8966
   90.0   0.0853    0.339  0.008271  54928.3  -128.3  -55.07  0.8856
   85.0   0.0956    0.380  0.009266  54922.6  -122.6  -52.63  0.8736
   80.0   0.1071    0.426  0.010381  54916.9  -116.9  -50.15  0.8605
   75.0   0.1200    0.477  0.011630  54911.0  -111.0  -47.64  0.8463
   70.0   0.1344    0.534  0.013030  54905.0  -105.0  -45.08  0.8309
   65.0   0.1506    0.599  0.014598  54899.0   -99.0  -42.47  0.8143
   60.0   0.1687    0.671  0.016355  54892.7   -92.7  -39.81  0.7965
   55.0   0.1890    0.751  0.018323  54886.4   -86.4  -37.08  0.7775
   50.0   0.2118    0.842  0.020528  54879.9   -79.9  -34.28  0.7572
   45.0   0.2373    0.943  0.022998  54873.2   -73.2  -31.41  0.7357
   40.0   0.2658    1.057  0.025766  54866.3   -66.3  -28.44  0.7130
   35.0   0.2978    1.184  0.028867  54859.1   -59.1  -25.38  0.6893
   30.0   0.3336    1.326  0.032341  54851.7   -51.7  -22.21  0.6644
   25.0   0.3738    1.486  0.036233  54844.1   -44.1  -18.91  0.6386
   20.0   0.4188    1.665  0.040594  54836.1   -36.1  -15.48  0.6120
   15.0   0.4692    1.865  0.045479  54827.7   -27.7  -11.89  0.5847
   10.0   0.5256    2.090  0.050952  54818.9   -18.9   -8.13  0.5569
    5.0   0.5889    2.341  0.057084  54809.7    -9.7   -4.17  0.5288
    0.0   0.6598    2.623  0.063953  54800.0     0.0    0.00  0.5004
   -2.0   0.6904    2.745  0.066928  54796.0     4.0    1.74  0.4890
   -4.0   0.7226    2.872  0.070040  54791.8     8.2    3.51  0.4777
   -6.0   0.7562    3.006  0.073297  54787.6    12.4    5.33  0.4664
   -8.0   0.7913    3.146  0.076706  54783.2    16.8    7.20  0.4551
  -10.0   0.8281    3.292  0.080273  54778.8    21.2    9.11  0.4439
  -12.0   0.8666    3.445  0.084006  54774.2    25.8   11.07  0.4327
  -14.0   0.9069    3.605  0.087912  54769.5    30.5   13.08  0.4216
  -16.0   0.9491    3.773  0.092000  54764.7    35.3   15.15  0.4106
  -18.0   0.9932    3.948  0.096279  54759.8    40.2   17.27  0.3996
  -20.0   1.0394    4.132  0.100756  54754.7    45.3   19.45  0.3888
  -22.0   1.0878    4.324  0.105441  54749.5    50.5   21.69  0.3780
  -24.0   1.1383    4.525  0.110345  54744.1    55.9   24.00  0.3674
  -26.0   1.1913    4.736  0.115476  54738.6    61.4   26.37  0.3569
  -28.0   1.2467    4.956  0.120846  54732.9    67.1   28.82  0.3466
  -30.0   1.3047    5.186  0.126466  54727.0    73.0   31.33  0.3364
  -32.0   1.3653    5.428  0.132347  54720.9    79.1   33.93  0.3263
  -34.0   1.4288    5.680  0.138502  54714.7    85.3   36.60  0.3164
  -36.0   1.4953    5.944  0.144943  54708.3    91.7   39.37  0.3067
  -38.0   1.5648    6.221  0.151683  54701.6    98.4   42.21  0.2971
  -40.0   1.6376    6.510  0.158737  54694.8   105.2   45.15  0.2878
  -42.0   1.7137    6.813  0.166119  54687.7   112.3   48.19  0.2786
  -44.0   1.7934    7.129  0.173844  54680.4   119.6   51.33  0.2695
  -46.0   1.8768    7.461  0.181928  54672.8   127.2   54.58  0.2607
  -48.0   1.9641    7.808  0.190388  54665.0   135.0   57.93  0.2520
  -50.0   2.0554    8.171  0.199242  54656.9   143.1   61.41  0.2436
  -51.0   2.1027    8.359  0.203822  54652.8   147.2   63.19  0.2394
  -52.0   2.1510    8.551  0.208507  54648.5   151.5   65.00  0.2353
  -53.0   2.2005    8.748  0.213300  54644.2   155.8   66.85  0.2313
  -54.0   2.2511    8.949  0.218204  54639.9   160.1   68.72  0.2273
  -55.0   2.3028    9.154  0.223220  54635.4   164.6   70.63  0.2233
  -56.0   2.3557    9.365  0.228351  54630.9   169.1   72.58  0.2194
  -57.0   2.4099    9.580  0.233600  54626.3   173.7   74.56  0.2156
  -58.0   2.4653    9.800  0.238970  54621.6   178.4   76.57  0.2118
  -59.0   2.5220   10.026  0.244463  54616.8   183.2   78.62  0.2080
  -60.0   2.5799   10.256  0.250083  54611.9   188.1   80.71  0.2043
  -61.0   2.6392   10.492  0.255832  54607.0   193.0   82.84  0.2006
  -62.0   2.6999   10.733  0.261713  54601.9   198.1   85.00  0.1970
  -63.0   2.7620   10.980  0.267729  54596.8   203.2   87.21  0.1935
  -64.0   2.8255   11.232  0.273883  54591.6   208.4   89.46  0.1900
  -65.0   2.8904   11.490  0.280179  54586.2   213.8   91.74  0.1865
  -66.0   2.9569   11.755  0.286620  54580.8   219.2   94.07  0.1831
  -67.0   3.0248   12.025  0.293208  54575.3   224.7   96.45  0.1797
  -68.0   3.0944   12.301  0.299948  54569.6   230.4   98.87  0.1764
  -69.0   3.1655   12.584  0.306844  54563.9   236.1  101.33  0.1731
  -70.0   3.2383   12.873  0.313897  54558.0   242.0  103.85  0.1699
  -71.0   3.3127   13.169  0.321113  54552.1   247.9  106.41  0.1668
  -72.0   3.3888   13.472  0.328494  54546.0   254.0  109.01  0.1636
  -73.0   3.4667   13.782  0.336046  54539.8   260.2  111.67  0.1606
  -74.0   3.5464   14.098  0.343770  54533.5   266.5  114.38  0.1575
  -75.0   3.6280   14.422  0.351673  54527.0   273.0  117.15  0.1546
  -76.0   3.7114   14.754  0.359757  54520.5   279.5  119.96  0.1516
  -77.0   3.7967   15.093  0.368027  54513.8   286.2  122.83  0.1487
  -78.0   3.8839   15.440  0.376487  54507.0   293.0  125.76  0.1459
  -79.0   3.9732   15.795  0.385141  54500.0   300.0  128.75  0.1431
  -80.0   4.0646   16.158  0.393995  54492.9   307.1  131.79  0.1403
  -81.0   4.1580   16.530  0.403052  54485.7   314.3  134.89  0.1376
  -82.0   4.2536   16.909  0.412317  54478.3   321.7  138.06  0.1350
  -83.0   4.3514   17.298  0.421795  54470.8   329.2  141.29  0.1324
  -84.0   4.4514   17.696  0.431491  54463.1   336.9  144.58  0.1298
  -85.0   4.5537   18.103  0.441410  54455.3   344.7  147.94  0.1273
  -86.0   4.6584   18.519  0.451557  54447.3   352.7  151.36  0.1248
  -87.0   4.7655   18.944  0.461937  54439.2   360.8  154.86  0.1223
  -88.0   4.8750   19.380  0.472556  54430.9   369.1  158.42  0.1199
  -89.0   4.9871   19.825  0.483419  54422.4   377.6  162.06  0.1176
  -90.0   5.1017   20.281  0.494531  54413.8   386.2  165.77  0.1152
  -91.0   5.2190   20.747  0.505899  54404.9   395.1  169.55  0.1129
  -92.0   5.3390   21.224  0.517529  54395.9   404.1  173.42  0.1107
  -93.0   5.4617   21.712  0.529425  54386.8   413.2  177.36  0.1085
  -94.0   5.5873   22.211  0.541596  54377.4   422.6  181.38  0.1063
  -95.0   5.7157   22.722  0.554046  54367.8   432.2  185.49  0.1042
  -96.0   5.8471   23.244  0.566782  54358.1   441.9  189.68  0.1021
  -97.0   5.9815   23.779  0.579811  54348.1   451.9  193.95  0.1001
  -98.0   6.1190   24.325  0.593139  54337.9   462.1  198.32  0.0981
  -99.0   6.2597   24.884  0.606774  54327.5   472.5  202.77  0.0961
 -100.0   6.4035   25.456  0.620722  54316.9   483.1  207.32  0.0941
 -101.0   6.5507   26.042  0.634991  54306.1   493.9  211.96  0.0922
 -102.0   6.7013   26.640  0.649588  54295.1   504.9  216.70  0.0904
 -103.0   6.8554   27.253  0.664520  54283.8   516.2  221.54  0.0885
 -104.0   7.0130   27.879  0.679796  54272.3   527.7  226.48  0.0867
 -105.0   7.1742   28.520  0.695423  54260.5   539.5  231.52  0.0850
 -106.0   7.3391   29.176  0.711409  54248.6   551.4  236.67  0.0832
 -107.0   7.5078   29.846  0.727762  54236.3   563.7  241.93  0.0815
 -108.0   7.6804   30.532  0.744492  54223.8   576.2  247.30  0.0799
 -109.0   7.8569   31.234  0.761606  54211.0   589.0  252.78  0.0782
 -110.0   8.0376   31.952  0.779113  54198.0   602.0  258.38  0.0766
 -111.0   8.2223   32.687  0.797023  54184.6   615.4  264.10  0.0750
 -112.0   8.4113   33.438  0.815344  54171.0   629.0  269.94  0.0735
 -113.0   8.6047   34.207  0.834087  54157.1   642.9  275.90  0.0720
 -114.0   8.8025   34.993  0.853261  54143.0   657.0  281.99  0.0705
 -115.0   9.0048   35.797  0.872875  54128.5   671.5  288.21  0.0690
 -116.0   9.2118   36.620  0.892940  54113.7   686.3  294.57  0.0676
 -117.0   9.4236   37.462  0.913467  54098.5   701.5  301.06  0.0662
 -118.0   9.6402   38.323  0.934465  54083.1   716.9  307.69  0.0648
 -119.0   9.8618   39.204  0.955946  54067.3   732.7  314.46  0.0635
 -120.0  10.0885   40.105  0.977921  54051.2   748.8  321.38  0.0621
 -121.0  10.3204   41.027  1.000401  54034.7   765.3  328.44  0.0609
 -122.0  10.5577   41.970  1.023398  54017.9   782.1  335.66  0.0596
 -123.0  10.8004   42.935  1.046923  54000.7   799.3  343.04  0.0583
 -124.0  11.0486   43.922  1.070989  53983.2   816.8  350.58  0.0571
 -125.0  11.3026   44.932  1.095608  53965.2   834.8  358.27  0.0559
 -126.0  11.5624   45.965  1.120794  53946.9   853.1  366.14  0.0548
 -127.0  11.8282   47.021  1.146558  53928.2   871.8  374.18  0.0536
 -128.0  12.1001   48.102  1.172915  53909.0   891.0  382.39  0.0525
 -129.0  12.3783   49.208  1.199877  53889.5   910.5  390.78  0.0514
 -130.0  12.6628   50.339  1.227459  53869.5   930.5  399.35  0.0503
 -131.0  12.9539   51.496  1.255675  53849.1   950.9  408.11  0.0492
 -132.0  13.2517   52.680  1.284540  53828.2   971.8  417.07  0.0482
 -133.0  13.5563   53.891  1.314069  53806.9   993.1  426.21  0.0472
 -134.0  13.8679   55.130  1.344276  53785.1  1014.9  435.56  0.0462
 -135.0  14.1867   56.397  1.375177  53762.9  1037.1  445.12  0.0452
 -136.0  14.5128   57.694  1.406789  53740.1  1059.9  454.88  0.0443
 -137.0  14.8465   59.020  1.439128  53716.9  1083.1  464.86  0.0433
 -138.0  15.1877   60.377  1.472210  53693.1  1106.9  475.06  0.0424
 -139.0  15.5369   61.765  1.506052  53668.8  1131.2  485.48  0.0415
 -140.0  15.8940   63.184  1.540673  53644.0  1156.0  496.13  0.0406
 -141.0  16.2594   64.637  1.576089  53618.7  1181.3  507.02  0.0398
 -142.0  16.6331   66.123  1.612319  53592.7  1207.3  518.14  0.0389
 -143.0  17.0155   67.643  1.649382  53566.2  1233.8  529.52  0.0381
 -144.0  17.4066   69.198  1.687297  53539.1  1260.9  541.14  0.0373
 -145.0  17.8068   70.788  1.726084  53511.5  1288.5  553.02  0.0365
 -146.0  18.2161   72.415  1.765762  53483.2  1316.8  565.17  0.0357
 -147.0  18.6349   74.080  1.806353  53454.2  1345.8  577.58  0.0350
 -148.0  19.0632   75.783  1.847876  53424.7  1375.3  590.27  0.0342
 -149.0  19.5014   77.525  1.890355  53394.4  1405.6  603.25  0.0335
 -150.0  19.9497   79.307  1.933809  53363.5  1436.5  616.51  0.0328
 -151.0  20.4083   81.130  1.978263  53332.0  1468.0  630.06  0.0321
 -152.0  20.8775   82.995  2.023738  53299.7  1500.3  643.92  0.0314
 -153.0  21.3574   84.903  2.070259  53266.7  1533.3  658.08  0.0308
 -154.0  21.8483   86.855  2.117849  53232.9  1567.1  672.57  0.0301
 -155.0  22.3506   88.851  2.166533  53198.4  1601.6  687.37  0.0295
 -156.0  22.8644   90.894  2.216336  53163.2  1636.8  702.51  0.0289
 -157.0  23.3900   92.983  2.267284  53127.1  1672.9  717.98  0.0282
 -158.0  23.9276   95.121  2.319403  53090.3  1709.7  733.80  0.0276
 -159.0  24.4777   97.307  2.372720  53052.6  1747.4  749.97  0.0271
 -160.0  25.0403   99.544  2.427264  53014.0  1786.0  766.51  0.0265
 -161.0  25.6160  101.833  2.483060  52974.7  1825.3  783.41  0.0259
 -162.0  26.2048  104.173  2.540140  52934.4  1865.6  800.69  0.0254
 -163.0  26.8072  106.568  2.598531  52893.2  1906.8  818.36  0.0248
 -164.0  27.4234  109.018  2.658265  52851.1  1948.9  836.43  0.0243
 -165.0  28.0538  111.524  2.719372  52808.1  1991.9  854.90  0.0238
 -166.0  28.6987  114.087  2.781883  52764.1  2035.9  873.79  0.0233
 -167.0  29.3584  116.710  2.845831  52719.1  2080.9  893.10  0.0228
 -168.0  30.0333  119.393  2.911250  52673.1  2126.9  912.85  0.0223
 -169.0  30.7237  122.138  2.978172  52626.0  2174.0  933.04  0.0218
 -170.0  31.4299  124.945  3.046633  52577.9  2222.1  953.68  0.0214
 -171.0  32.1524  127.817  3.116668  52528.7  2271.3  974.79  0.0209
 -172.0  32.8916  130.756  3.188313  52478.4  2321.6  996.38  0.0205
 -173.0  33.6476  133.761  3.261604  52427.0  2373.0 1018.45  0.0201
 -174.0  34.4211  136.836  3.336580  52374.4  2425.6 1041.02  0.0196
 -175.0  35.2124  139.982  3.413279  52320.7  2479.3 1064.09  0.0192
 -176.0  36.0218  143.199  3.491742  52265.7  2534.3 1087.69  0.0188
 -177.0  36.8499  146.491  3.572009  52209.5  2590.5 1111.82  0.0184
 -178.0  37.6970  149.859  3.654120  52152.0  2648.0 1136.50  0.0180
 -179.0  38.5635  153.304  3.738120  52093.2  2706.8 1161.73  0.0177
 -180.0  39.4500  156.828  3.824049  52033.1  2766.9 1187.53  0.0173
 -181.0  40.3569  160.433  3.911955  51971.6  2828.4 1213.92  0.0169
 -182.0  41.2846  164.121  4.001880  51908.7  2891.3 1240.90  0.0166
 -183.0  42.2336  167.893  4.093874  51844.4  2955.6 1268.49  0.0162
 -184.0  43.2044  171.753  4.187981  51778.7  3021.3 1296.71  0.0159
 -185.0  44.1976  175.701  4.284253  51711.4  3088.6 1325.56  0.0155
 -186.0  45.2136  179.740  4.382736  51642.7  3157.3 1355.07  0.0152
 -187.0  46.2529  183.872  4.483486  51572.4  3227.6 1385.25  0.0149
 -188.0  47.3162  188.099  4.586551  51500.5  3299.5 1416.11  0.0146
 -189.0  48.4039  192.422  4.691983  51426.9  3373.1 1447.68  0.0143
 -190.0  49.5165  196.846  4.799841  51351.7  3448.3 1479.95  0.0140
 -191.0  50.6548  201.371  4.910176  51274.8  3525.2 1512.96  0.0137
 -192.0  51.8192  206.000  5.023050  51196.1  3603.9 1546.72  0.0134
 -193.0  53.0104  210.735  5.138516  51115.7  3684.3 1581.24  0.0131
 -194.0  54.2290  215.579  5.256639  51033.4  3766.6 1616.55  0.0129
 -195.0  55.4756  220.535  5.377474  50949.3  3850.7 1652.66  0.0126
 -196.0  56.7508  225.605  5.501090  50863.2  3936.8 1689.59  0.0123
 -197.0  58.0554  230.791  5.627545  50775.2  4024.8 1727.36  0.0121
 -198.0  59.3899  236.096  5.756909  50685.2  4114.8 1765.99  0.0118
 -199.0  60.7552  241.523  5.889248  50593.2  4206.8 1805.49  0.0116
 -200.0  62.1518  247.075  6.024625  50499.1  4300.9 1845.90  0.0114
